{"/Users/hayley/Desktop/Altcampus course/javascript/advanced-javascript/TA-JS-advanced-dom-and-test-TJaaan/block-BJaajc/code/index.js": {"path":"/Users/hayley/Desktop/Altcampus course/javascript/advanced-javascript/TA-JS-advanced-dom-and-test-TJaaan/block-BJaajc/code/index.js","statementMap":{"0":{"start":{"line":4,"column":2},"end":{"line":4,"column":36}},"1":{"start":{"line":10,"column":12},"end":{"line":10,"column":22}},"2":{"start":{"line":11,"column":2},"end":{"line":15,"column":3}},"3":{"start":{"line":11,"column":15},"end":{"line":11,"column":16}},"4":{"start":{"line":12,"column":4},"end":{"line":14,"column":5}},"5":{"start":{"line":13,"column":6},"end":{"line":13,"column":19}},"6":{"start":{"line":16,"column":2},"end":{"line":16,"column":14}},"7":{"start":{"line":19,"column":0},"end":{"line":19,"column":36}},"8":{"start":{"line":28,"column":2},"end":{"line":28,"column":59}},"9":{"start":{"line":36,"column":2},"end":{"line":36,"column":46}},"10":{"start":{"line":39,"column":0},"end":{"line":39,"column":74}}},"fnMap":{"0":{"name":"getFullName","decl":{"start":{"line":3,"column":9},"end":{"line":3,"column":20}},"loc":{"start":{"line":3,"column":42},"end":{"line":5,"column":1}},"line":3},"1":{"name":"isPalindrome","decl":{"start":{"line":9,"column":9},"end":{"line":9,"column":21}},"loc":{"start":{"line":9,"column":27},"end":{"line":17,"column":1}},"line":9},"2":{"name":"getCircumference","decl":{"start":{"line":27,"column":9},"end":{"line":27,"column":25}},"loc":{"start":{"line":27,"column":34},"end":{"line":29,"column":1}},"line":27},"3":{"name":"getArea","decl":{"start":{"line":35,"column":9},"end":{"line":35,"column":16}},"loc":{"start":{"line":35,"column":25},"end":{"line":37,"column":1}},"line":35}},"branchMap":{"0":{"loc":{"start":{"line":12,"column":4},"end":{"line":14,"column":5}},"type":"if","locations":[{"start":{"line":12,"column":4},"end":{"line":14,"column":5}},{"start":{},"end":{}}],"line":12}},"s":{"0":2,"1":3,"2":3,"3":3,"4":7,"5":1,"6":2,"7":1,"8":2,"9":2,"10":1},"f":{"0":2,"1":3,"2":2,"3":2},"b":{"0":[1,6]},"_coverageSchema":"1a1c01bbd47fc00a2c39e90264f33305004495a9","hash":"9e18cf79f87b53c21015a26a3109f81fcc700045"}
}
